# JRE version: Java(TM) SE Runtime Environment (8.0_60-b27) (build 1.8.0_60-b27)
# Java VM: Java HotSpot(TM) 64-Bit Server VM (25.60-b23 mixed mode windows-amd64 compressed oops)
Heap:
 PSYoungGen      total 71168K, used 9130K [0x00000000eab00000, 0x00000000f0b80000, 0x0000000100000000)
  eden space 64000K, 3% used [0x00000000eab00000,0x00000000ead66fd0,0x00000000ee980000)
  from space 7168K, 93% used [0x00000000ee980000,0x00000000ef003bf8,0x00000000ef080000)
  to   space 8192K, 0% used [0x00000000f0380000,0x00000000f0380000,0x00000000f0b80000)
 ParOldGen       total 38912K, used 9618K [0x00000000c0000000, 0x00000000c2600000, 0x00000000eab00000)
  object space 38912K, 24% used [0x00000000c0000000,0x00000000c0964820,0x00000000c2600000)
 Metaspace       used 24538K, capacity 24978K, committed 25216K, reserved 1071104K
  class space    used 3198K, capacity 3340K, committed 3456K, reserved 1048576K
GC Heap History (10 events):
Event: 5.323 GC heap before
{Heap before GC invocations=8 (full 1):
 PSYoungGen      total 39424K, used 4297K [0x00000000eab00000, 0x00000000ef700000, 0x0000000100000000)
  eden space 32256K, 0% used [0x00000000eab00000,0x00000000eab00000,0x00000000eca80000)
  from space 7168K, 59% used [0x00000000eca80000,0x00000000eceb2788,0x00000000ed180000)
  to   space 6656K, 0% used [0x00000000ef080000,0x00000000ef080000,0x00000000ef700000)
 ParOldGen       total 44032K, used 9794K [0x00000000c0000000, 0x00000000c2b00000, 0x00000000eab00000)
  object space 44032K, 22% used [0x00000000c0000000,0x00000000c0990878,0x00000000c2b00000)
 Metaspace       used 20781K, capacity 21132K, committed 21296K, reserved 1067008K
  class space    used 2726K, capacity 2858K, committed 2944K, reserved 1048576K
Event: 5.422 GC heap after
Heap after GC invocations=8 (full 1):
 PSYoungGen      total 39424K, used 0K [0x00000000eab00000, 0x00000000ef700000, 0x0000000100000000)
  eden space 32256K, 0% used [0x00000000eab00000,0x00000000eab00000,0x00000000eca80000)
  from space 7168K, 0% used [0x00000000eca80000,0x00000000eca80000,0x00000000ed180000)
  to   space 6656K, 0% used [0x00000000ef080000,0x00000000ef080000,0x00000000ef700000)
 ParOldGen       total 38912K, used 9594K [0x00000000c0000000, 0x00000000c2600000, 0x00000000eab00000)
  object space 38912K, 24% used [0x00000000c0000000,0x00000000c095e820,0x00000000c2600000)
 Metaspace       used 20781K, capacity 21132K, committed 21296K, reserved 1067008K
  class space    used 2726K, capacity 2858K, committed 2944K, reserved 1048576K
}
Event: 6.559 GC heap before
{Heap before GC invocations=9 (full 1):
 PSYoungGen      total 39424K, used 32256K [0x00000000eab00000, 0x00000000ef700000, 0x0000000100000000)
  eden space 32256K, 100% used [0x00000000eab00000,0x00000000eca80000,0x00000000eca80000)
  from space 7168K, 0% used [0x00000000eca80000,0x00000000eca80000,0x00000000ed180000)
  to   space 6656K, 0% used [0x00000000ef080000,0x00000000ef080000,0x00000000ef700000)
 ParOldGen       total 38912K, used 9594K [0x00000000c0000000, 0x00000000c2600000, 0x00000000eab00000)
  object space 38912K, 24% used [0x00000000c0000000,0x00000000c095e820,0x00000000c2600000)
 Metaspace       used 21315K, capacity 21772K, committed 21888K, reserved 1069056K
  class space    used 2765K, capacity 2922K, committed 2944K, reserved 1048576K
Event: 6.598 GC heap after
Heap after GC invocations=9 (full 1):
 PSYoungGen      total 51200K, used 1237K [0x00000000eab00000, 0x00000000ef200000, 0x0000000100000000)
  eden space 49664K, 0% used [0x00000000eab00000,0x00000000eab00000,0x00000000edb80000)
  from space 1536K, 80% used [0x00000000ef080000,0x00000000ef1b55c0,0x00000000ef200000)
  to   space 7168K, 0% used [0x00000000ee400000,0x00000000ee400000,0x00000000eeb00000)
 ParOldGen       total 38912K, used 9602K [0x00000000c0000000, 0x00000000c2600000, 0x00000000eab00000)
  object space 38912K, 24% used [0x00000000c0000000,0x00000000c0960820,0x00000000c2600000)
 Metaspace       used 21315K, capacity 21772K, committed 21888K, reserved 1069056K
  class space    used 2765K, capacity 2922K, committed 2944K, reserved 1048576K
}
Event: 8.611 GC heap before
{Heap before GC invocations=10 (full 1):
 PSYoungGen      total 51200K, used 50901K [0x00000000eab00000, 0x00000000ef200000, 0x0000000100000000)
  eden space 49664K, 100% used [0x00000000eab00000,0x00000000edb80000,0x00000000edb80000)
  from space 1536K, 80% used [0x00000000ef080000,0x00000000ef1b55c0,0x00000000ef200000)
  to   space 7168K, 0% used [0x00000000ee400000,0x00000000ee400000,0x00000000eeb00000)
 ParOldGen       total 38912K, used 9602K [0x00000000c0000000, 0x00000000c2600000, 0x00000000eab00000)
  object space 38912K, 24% used [0x00000000c0000000,0x00000000c0960820,0x00000000c2600000)
 Metaspace       used 21362K, capacity 21836K, committed 21888K, reserved 1069056K
  class space    used 2765K, capacity 2922K, committed 2944K, reserved 1048576K
Event: 8.618 GC heap after
Heap after GC invocations=10 (full 1):
 PSYoungGen      total 65536K, used 1552K [0x00000000eab00000, 0x00000000ef780000, 0x0000000100000000)
  eden space 58368K, 0% used [0x00000000eab00000,0x00000000eab00000,0x00000000ee400000)
  from space 7168K, 21% used [0x00000000ee400000,0x00000000ee584040,0x00000000eeb00000)
  to   space 7168K, 0% used [0x00000000ef080000,0x00000000ef080000,0x00000000ef780000)
 ParOldGen       total 38912K, used 9610K [0x00000000c0000000, 0x00000000c2600000, 0x00000000eab00000)
  object space 38912K, 24% used [0x00000000c0000000,0x00000000c0962820,0x00000000c2600000)
 Metaspace       used 21362K, capacity 21836K, committed 21888K, reserved 1069056K
  class space    used 2765K, capacity 2922K, committed 2944K, reserved 1048576K
}
Event: 9.032 GC heap before
{Heap before GC invocations=11 (full 1):
 PSYoungGen      total 65536K, used 59920K [0x00000000eab00000, 0x00000000ef780000, 0x0000000100000000)
  eden space 58368K, 100% used [0x00000000eab00000,0x00000000ee400000,0x00000000ee400000)
  from space 7168K, 21% used [0x00000000ee400000,0x00000000ee584040,0x00000000eeb00000)
  to   space 7168K, 0% used [0x00000000ef080000,0x00000000ef080000,0x00000000ef780000)
 ParOldGen       total 38912K, used 9610K [0x00000000c0000000, 0x00000000c2600000, 0x00000000eab00000)
  object space 38912K, 24% used [0x00000000c0000000,0x00000000c0962820,0x00000000c2600000)
 Metaspace       used 21364K, capacity 21836K, committed 21888K, reserved 1069056K
  class space    used 2765K, capacity 2922K, committed 2944K, reserved 1048576K
Event: 9.043 GC heap after
Heap after GC invocations=11 (full 1):
 PSYoungGen      total 71168K, used 2160K [0x00000000eab00000, 0x00000000f0380000, 0x0000000100000000)
  eden space 64000K, 0% used [0x00000000eab00000,0x00000000eab00000,0x00000000ee980000)
  from space 7168K, 30% used [0x00000000ef080000,0x00000000ef29c040,0x00000000ef780000)
  to   space 7168K, 0% used [0x00000000ee980000,0x00000000ee980000,0x00000000ef080000)
 ParOldGen       total 38912K, used 9610K [0x00000000c0000000, 0x00000000c2600000, 0x00000000eab00000)
  object space 38912K, 24% used [0x00000000c0000000,0x00000000c0962820,0x00000000c2600000)
 Metaspace       used 21364K, capacity 21836K, committed 21888K, reserved 1069056K
  class space    used 2765K, capacity 2922K, committed 2944K, reserved 1048576K
}
Event: 11.080 GC heap before
{Heap before GC invocations=12 (full 1):
 PSYoungGen      total 71168K, used 66160K [0x00000000eab00000, 0x00000000f0380000, 0x0000000100000000)
  eden space 64000K, 100% used [0x00000000eab00000,0x00000000ee980000,0x00000000ee980000)
  from space 7168K, 30% used [0x00000000ef080000,0x00000000ef29c040,0x00000000ef780000)
  to   space 7168K, 0% used [0x00000000ee980000,0x00000000ee980000,0x00000000ef080000)
 ParOldGen       total 38912K, used 9610K [0x00000000c0000000, 0x00000000c2600000, 0x00000000eab00000)
  object space 38912K, 24% used [0x00000000c0000000,0x00000000c0962820,0x00000000c2600000)
 Metaspace       used 24486K, capacity 24968K, committed 25216K, reserved 1071104K
  class space    used 3192K, capacity 3338K, committed 3456K, reserved 1048576K
Event: 11.100 GC heap after
Heap after GC invocations=12 (full 1):
 PSYoungGen      total 71168K, used 6670K [0x00000000eab00000, 0x00000000f0b80000, 0x0000000100000000)
  eden space 64000K, 0% used [0x00000000eab00000,0x00000000eab00000,0x00000000ee980000)
  from space 7168K, 93% used [0x00000000ee980000,0x00000000ef003bf8,0x00000000ef080000)
  to   space 8192K, 0% used [0x00000000f0380000,0x00000000f0380000,0x00000000f0b80000)
 ParOldGen       total 38912K, used 9618K [0x00000000c0000000, 0x00000000c2600000, 0x00000000eab00000)
  object space 38912K, 24% used [0x00000000c0000000,0x00000000c0964820,0x00000000c2600000)
 Metaspace       used 24486K, capacity 24968K, committed 25216K, reserved 1071104K
  class space    used 3192K, capacity 3338K, committed 3456K, reserved 1048576K
}

